<?xml version="1.0" encoding="UTF-8"?>
<!-- Generated by org.testng.reporters.JUnitReportReporter -->
<testsuite hostname="DESKTOP-L3LPMPP" failures="0" tests="1" name="EcomTest.LoginTest" time="0.948" errors="0" timestamp="2025-06-29T23:28:28 IST" skipped="0">
  <testcase classname="EcomTest.LoginTest" name="loginMain" time="0.948"/>
</testsuite> <!-- EcomTest.LoginTest -->
