<?xml version="1.0" encoding="UTF-8"?>
<!-- Generated by org.testng.reporters.JUnitReportReporter -->
<testsuite hostname="DESKTOP-L3LPMPP" failures="0" tests="2" name="EcomTest.EndToEndTest" time="36.280" errors="0" timestamp="2025-07-03T23:25:15 IST" skipped="0">
  <testcase classname="EcomTest.EndToEndTest" name="submitOrder" time="19.273"/>
  <testcase classname="EcomTest.EndToEndTest" name="submitOrder" time="17.007"/>
</testsuite> <!-- EcomTest.EndToEndTest -->
