<?xml version="1.0" encoding="UTF-8"?>
<!-- Generated by org.testng.reporters.JUnitReportReporter -->
<testsuite hostname="DESKTOP-L3LPMPP" failures="0" tests="1" name="EcomTest.LoginPageTest" time="1.973" errors="0" timestamp="2025-07-02T00:45:19 IST" skipped="0">
  <testcase classname="EcomTest.LoginPageTest" name="loginFailure" time="1.973"/>
</testsuite> <!-- EcomTest.LoginPageTest -->
